-------------------------------------------------------------------------------
Test set: com.planetpope.cucumber.RunCucumberTest
-------------------------------------------------------------------------------
Tests run: 1, Failures: 1, Errors: 0, Skipped: 0, Time elapsed: 0.594 s <<< FAILURE! - in com.planetpope.cucumber.RunCucumberTest
basic math.Addition  Time elapsed: 0.141 s  <<< FAILURE!
org.opentest4j.AssertionFailedError: expected: <4> but was: <5>

