<?xml version="1.0" encoding="UTF-8"?>
<testsuite xmlns:xsi="http://www.w3.org/2001/XMLSchema-instance" xsi:noNamespaceSchemaLocation="https://maven.apache.org/surefire/maven-surefire-plugin/xsd/surefire-test-report-3.0.xsd" version="3.0" name="com.planetpope.cucumber.RunCucumberTest" time="0.527" tests="1" errors="0" skipped="0" failures="0">
  <properties>
[...]
</properties>
  <testcase name="Addition" classname="basic math" time="0.131">
    <system-out><![CDATA[
Scenario: Addition           &amp#27;[90m# com/planetpope/cucumber/basic_math.feature:4&amp#27;[0m
  &amp#27;[32mGiven &amp#27;[0m&amp#27;[32mx=&amp#27;[0m&amp#27;[32m&amp#27;[1m3&amp#27;[0m                  &amp#27;[90m# com.planetpope.cucumber.StepDefinitions.x(java.lang.Integer)&amp#27;[0m
  &amp#27;[32mAnd &amp#27;[0m&amp#27;[32my=&amp#27;[0m&amp#27;[32m&amp#27;[1m2&amp#27;[0m                    &amp#27;[90m# com.planetpope.cucumber.StepDefinitions.y(java.lang.Integer)&amp#27;[0m
  &amp#27;[32mWhen &amp#27;[0m&amp#27;[32mx and y are added&amp#27;[0m     &amp#27;[90m# com.planetpope.cucumber.StepDefinitions.x_and_y_are_added()&amp#27;[0m
  &amp#27;[32mThen &amp#27;[0m&amp#27;[32mthe value should be &amp#27;[0m&amp#27;[32m&amp#27;[1m5&amp#27;[0m &amp#27;[90m# com.planetpope.cucumber.StepDefinitions.the_value_should_be(java.lang.Integer)&amp#27;[0m
]]></system-out>
  </testcase>
</testsuite>